# JRE version: Java(TM) SE Runtime Environment (8.0_101-b13) (build 1.8.0_101-b13)
# Java VM: Java HotSpot(TM) 64-Bit Server VM (25.101-b13 mixed mode linux-amd64 compressed oops)
Heap:
 PSYoungGen      total 207872K, used 29689K [0x00000000eb780000, 0x00000000fa480000, 0x0000000100000000)
  eden space 178176K, 0% used [0x00000000eb780000,0x00000000eb780000,0x00000000f6580000)
  from space 29696K, 99% used [0x00000000f6a80000,0x00000000f877e7c8,0x00000000f8780000)
  to   space 22528K, 0% used [0x00000000f8e80000,0x00000000f8e80000,0x00000000fa480000)
 ParOldGen       total 78848K, used 69676K [0x00000000c2600000, 0x00000000c7300000, 0x00000000eb780000)
  object space 78848K, 88% used [0x00000000c2600000,0x00000000c6a0b078,0x00000000c7300000)
 Metaspace       used 21800K, capacity 22346K, committed 22704K, reserved 1069056K
  class space    used 2488K, capacity 2649K, committed 2736K, reserved 1048576K
GC Heap History (10 events):
Event: 29,405 GC heap after
Heap after GC invocations=8 (full 0):
 PSYoungGen      total 134656K, used 8322K [0x00000000eb780000, 0x00000000f4680000, 0x0000000100000000)
  eden space 125952K, 0% used [0x00000000eb780000,0x00000000eb780000,0x00000000f3280000)
  from space 8704K, 95% used [0x00000000f3c00000,0x00000000f4420bb0,0x00000000f4480000)
  to   space 9728K, 0% used [0x00000000f3280000,0x00000000f3280000,0x00000000f3c00000)
 ParOldGen       total 42496K, used 10901K [0x00000000c2600000, 0x00000000c4f80000, 0x00000000eb780000)
  object space 42496K, 25% used [0x00000000c2600000,0x00000000c30a5518,0x00000000c4f80000)
 Metaspace       used 20685K, capacity 21170K, committed 21296K, reserved 1069056K
  class space    used 2410K, capacity 2581K, committed 2608K, reserved 1048576K
}
Event: 29,405 GC heap before
{Heap before GC invocations=9 (full 1):
 PSYoungGen      total 134656K, used 8322K [0x00000000eb780000, 0x00000000f4680000, 0x0000000100000000)
  eden space 125952K, 0% used [0x00000000eb780000,0x00000000eb780000,0x00000000f3280000)
  from space 8704K, 95% used [0x00000000f3c00000,0x00000000f4420bb0,0x00000000f4480000)
  to   space 9728K, 0% used [0x00000000f3280000,0x00000000f3280000,0x00000000f3c00000)
 ParOldGen       total 42496K, used 10901K [0x00000000c2600000, 0x00000000c4f80000, 0x00000000eb780000)
  object space 42496K, 25% used [0x00000000c2600000,0x00000000c30a5518,0x00000000c4f80000)
 Metaspace       used 20685K, capacity 21170K, committed 21296K, reserved 1069056K
  class space    used 2410K, capacity 2581K, committed 2608K, reserved 1048576K
Event: 29,525 GC heap after
Heap after GC invocations=9 (full 1):
 PSYoungGen      total 134656K, used 0K [0x00000000eb780000, 0x00000000f4680000, 0x0000000100000000)
  eden space 125952K, 0% used [0x00000000eb780000,0x00000000eb780000,0x00000000f3280000)
  from space 8704K, 0% used [0x00000000f3c00000,0x00000000f3c00000,0x00000000f4480000)
  to   space 9728K, 0% used [0x00000000f3280000,0x00000000f3280000,0x00000000f3c00000)
 ParOldGen       total 33280K, used 12269K [0x00000000c2600000, 0x00000000c4680000, 0x00000000eb780000)
  object space 33280K, 36% used [0x00000000c2600000,0x00000000c31fb4a0,0x00000000c4680000)
 Metaspace       used 20685K, capacity 21170K, committed 21296K, reserved 1069056K
  class space    used 2410K, capacity 2581K, committed 2608K, reserved 1048576K
}
Event: 31,117 GC heap before
{Heap before GC invocations=10 (full 1):
 PSYoungGen      total 134656K, used 125952K [0x00000000eb780000, 0x00000000f4680000, 0x0000000100000000)
  eden space 125952K, 100% used [0x00000000eb780000,0x00000000f3280000,0x00000000f3280000)
  from space 8704K, 0% used [0x00000000f3c00000,0x00000000f3c00000,0x00000000f4480000)
  to   space 9728K, 0% used [0x00000000f3280000,0x00000000f3280000,0x00000000f3c00000)
 ParOldGen       total 33280K, used 12315K [0x00000000c2600000, 0x00000000c4680000, 0x00000000eb780000)
  object space 33280K, 37% used [0x00000000c2600000,0x00000000c3206cd0,0x00000000c4680000)
 Metaspace       used 21617K, capacity 22148K, committed 22448K, reserved 1069056K
  class space    used 2487K, capacity 2648K, committed 2736K, reserved 1048576K
Event: 31,259 GC heap after
Heap after GC invocations=10 (full 1):
 PSYoungGen      total 135680K, used 9703K [0x00000000eb780000, 0x00000000fa480000, 0x0000000100000000)
  eden space 125952K, 0% used [0x00000000eb780000,0x00000000eb780000,0x00000000f3280000)
  from space 9728K, 99% used [0x00000000f3280000,0x00000000f3bf9cc0,0x00000000f3c00000)
  to   space 22528K, 0% used [0x00000000f8e80000,0x00000000f8e80000,0x00000000fa480000)
 ParOldGen       total 40960K, used 40767K [0x00000000c2600000, 0x00000000c4e00000, 0x00000000eb780000)
  object space 40960K, 99% used [0x00000000c2600000,0x00000000c4dcfef8,0x00000000c4e00000)
 Metaspace       used 21617K, capacity 22148K, committed 22448K, reserved 1069056K
  class space    used 2487K, capacity 2648K, committed 2736K, reserved 1048576K
}
Event: 31,259 GC heap before
{Heap before GC invocations=11 (full 2):
 PSYoungGen      total 135680K, used 9703K [0x00000000eb780000, 0x00000000fa480000, 0x0000000100000000)
  eden space 125952K, 0% used [0x00000000eb780000,0x00000000eb780000,0x00000000f3280000)
  from space 9728K, 99% used [0x00000000f3280000,0x00000000f3bf9cc0,0x00000000f3c00000)
  to   space 22528K, 0% used [0x00000000f8e80000,0x00000000f8e80000,0x00000000fa480000)
 ParOldGen       total 40960K, used 40767K [0x00000000c2600000, 0x00000000c4e00000, 0x00000000eb780000)
  object space 40960K, 99% used [0x00000000c2600000,0x00000000c4dcfef8,0x00000000c4e00000)
 Metaspace       used 21617K, capacity 22148K, committed 22448K, reserved 1069056K
  class space    used 2487K, capacity 2648K, committed 2736K, reserved 1048576K
Event: 31,401 GC heap after
Heap after GC invocations=11 (full 2):
 PSYoungGen      total 135680K, used 6417K [0x00000000eb780000, 0x00000000fa480000, 0x0000000100000000)
  eden space 125952K, 0% used [0x00000000eb780000,0x00000000eb780000,0x00000000f3280000)
  from space 9728K, 65% used [0x00000000f3280000,0x00000000f38c47c8,0x00000000f3c00000)
  to   space 22528K, 0% used [0x00000000f8e80000,0x00000000f8e80000,0x00000000fa480000)
 ParOldGen       total 78848K, used 40591K [0x00000000c2600000, 0x00000000c7300000, 0x00000000eb780000)
  object space 78848K, 51% used [0x00000000c2600000,0x00000000c4da3d98,0x00000000c7300000)
 Metaspace       used 21613K, capacity 22142K, committed 22448K, reserved 1069056K
  class space    used 2487K, capacity 2647K, committed 2736K, reserved 1048576K
}
Event: 32,129 GC heap before
{Heap before GC invocations=12 (full 2):
 PSYoungGen      total 135680K, used 132369K [0x00000000eb780000, 0x00000000fa480000, 0x0000000100000000)
  eden space 125952K, 100% used [0x00000000eb780000,0x00000000f3280000,0x00000000f3280000)
  from space 9728K, 65% used [0x00000000f3280000,0x00000000f38c47c8,0x00000000f3c00000)
  to   space 22528K, 0% used [0x00000000f8e80000,0x00000000f8e80000,0x00000000fa480000)
 ParOldGen       total 78848K, used 42257K [0x00000000c2600000, 0x00000000c7300000, 0x00000000eb780000)
  object space 78848K, 53% used [0x00000000c2600000,0x00000000c4f44728,0x00000000c7300000)
 Metaspace       used 21740K, capacity 22282K, committed 22704K, reserved 1069056K
  class space    used 2488K, capacity 2649K, committed 2736K, reserved 1048576K
Event: 32,293 GC heap after
Heap after GC invocations=12 (full 2):
 PSYoungGen      total 200704K, used 22509K [0x00000000eb780000, 0x00000000fa480000, 0x0000000100000000)
  eden space 178176K, 0% used [0x00000000eb780000,0x00000000eb780000,0x00000000f6580000)
  from space 22528K, 99% used [0x00000000f8e80000,0x00000000fa47b700,0x00000000fa480000)
  to   space 29696K, 0% used [0x00000000f6a80000,0x00000000f6a80000,0x00000000f8780000)
 ParOldGen       total 78848K, used 51411K [0x00000000c2600000, 0x00000000c7300000, 0x00000000eb780000)
  object space 78848K, 65% used [0x00000000c2600000,0x00000000c5834e48,0x00000000c7300000)
 Metaspace       used 21740K, capacity 22282K, committed 22704K, reserved 1069056K
  class space    used 2488K, capacity 2649K, committed 2736K, reserved 1048576K
}
Event: 32,849 GC heap before
{Heap before GC invocations=13 (full 2):
 PSYoungGen      total 200704K, used 200685K [0x00000000eb780000, 0x00000000fa480000, 0x0000000100000000)
  eden space 178176K, 100% used [0x00000000eb780000,0x00000000f6580000,0x00000000f6580000)
  from space 22528K, 99% used [0x00000000f8e80000,0x00000000fa47b700,0x00000000fa480000)
  to   space 29696K, 0% used [0x00000000f6a80000,0x00000000f6a80000,0x00000000f8780000)
 ParOldGen       total 78848K, used 51421K [0x00000000c2600000, 0x00000000c7300000, 0x00000000eb780000)
  object space 78848K, 65% used [0x00000000c2600000,0x00000000c58374d0,0x00000000c7300000)
 Metaspace       used 21800K, capacity 22346K, committed 22704K, reserved 1069056K
  class space    used 2488K, capacity 2649K, committed 2736K, reserved 1048576K

